<?xml version="1.0" encoding="UTF-8"?>
<!-- Generated by org.testng.reporters.JUnitReportReporter -->
<testsuite hostname="RAJ-LAPTOP" failures="0" tests="3" name="TestNg.Priority" time="0.013" errors="0" timestamp="2023-08-14T15:51:48 IST" skipped="1">
  <testcase classname="TestNg.Priority" name="demo1" time="0.011"/>
  <testcase classname="TestNg.Priority" name="demo1" time="0.002"/>
  <testcase classname="TestNg.Priority" name="demo3">
    <skipped/>
  </testcase> <!-- demo3 -->
</testsuite> <!-- TestNg.Priority -->
