<?xml version="1.0" encoding="UTF-8"?>
<!-- Generated by org.testng.reporters.JUnitReportReporter -->
<testsuite hostname="RAJ-LAPTOP" failures="0" tests="1" name="TestNg_Failing.Amazon_Distributes" time="12.333" errors="0" timestamp="2023-08-12T17:48:54 IST" skipped="0">
  <testcase classname="TestNg_Failing.Amazon_Distributes" name="Amazon" time="12.333"/>
</testsuite> <!-- TestNg_Failing.Amazon_Distributes -->
