<?xml version="1.0" encoding="UTF-8"?>
<!-- Generated by org.testng.reporters.JUnitReportReporter -->
<testsuite hostname="RAJ-LAPTOP" failures="0" tests="2" name="TestNg.Invocation" time="0.016" errors="0" timestamp="2023-08-11T17:59:04 IST" skipped="0">
  <testcase classname="TestNg.Invocation" name="demo1" time="0.015"/>
  <testcase classname="TestNg.Invocation" name="demo2" time="0.001"/>
</testsuite> <!-- TestNg.Invocation -->
