<?xml version="1.0" encoding="UTF-8"?>
<!-- Generated by org.testng.reporters.JUnitReportReporter -->
<testsuite hostname="RAJ-LAPTOP" failures="0" tests="1" name="TestNgGroup.Sample2" time="0.012" errors="0" timestamp="2023-08-14T16:16:14 IST" skipped="0">
  <testcase classname="TestNgGroup.Sample2" name="demo4" time="0.012"/>
</testsuite> <!-- TestNgGroup.Sample2 -->
