<?xml version="1.0" encoding="UTF-8"?>
<!-- Generated by org.testng.reporters.JUnitReportReporter -->
<testsuite hostname="RAJ-LAPTOP" failures="0" tests="1" name="TestNgGroup.Sample1" time="0.003" errors="0" timestamp="2023-08-14T16:16:14 IST" skipped="0">
  <testcase classname="TestNgGroup.Sample1" name="demo1" time="0.003"/>
</testsuite> <!-- TestNgGroup.Sample1 -->
