<?xml version="1.0" encoding="UTF-8"?>
<!-- Generated by org.testng.reporters.JUnitReportReporter -->
<testsuite hostname="RAJ-LAPTOP" failures="0" tests="2" name="TestNg_Parallel.CrossBrowser_Amazon" time="43.988" errors="0" timestamp="2023-08-18T13:25:20 IST" skipped="0">
  <testcase classname="TestNg_Parallel.CrossBrowser_Amazon" name="Amazon" time="24.711"/>
  <testcase classname="TestNg_Parallel.CrossBrowser_Amazon" name="Amazon" time="19.277"/>
</testsuite> <!-- TestNg_Parallel.CrossBrowser_Amazon -->
